<?xml version="1.0" encoding="UTF-8"?>
<!-- Generated by org.testng.reporters.JUnitXMLReporter -->
<testsuite ignored="3" hostname="Banss" failures="0" tests="9" name="Test" time="0.063" errors="0" timestamp="2023-12-13T10:10:53 CET">
  <testcase classname="com.testng.GroupTestDEmo" name="Blue_Green" time="0.006"/>
  <testcase classname="com.testng.GroupTestDEmo" name="Blue_red" time="0.001"/>
  <testcase classname="com.testng.GroupTestDEmo" name="Green1" time="0.001"/>
  <testcase classname="com.testng.GroupTestDEmo" name="Green2" time="0.002"/>
  <testcase classname="com.testng.GroupTestDEmo" name="Green3" time="0.002"/>
  <testcase classname="com.testng.GroupTestDEmo" name="red1" time="0.001"/>
  <testcase classname="com.testng.GroupTestDEmo" name="red2" time="0.001"/>
  <testcase classname="com.testng.GroupTestDEmo" name="red3" time="0.001"/>
  <testcase classname="com.testng.GroupTestDEmo" name="red_Green" time="0.001"/>
  <testcase classname="com.testng.GroupTestDEmo" name="Blue1" time="0.0">
    <ignored/>
  </testcase> <!-- Blue1 -->
  <testcase classname="com.testng.GroupTestDEmo" name="Blue3" time="0.0">
    <ignored/>
  </testcase> <!-- Blue3 -->
  <testcase classname="com.testng.GroupTestDEmo" name="Blue2" time="0.0">
    <ignored/>
  </testcase> <!-- Blue2 -->
</testsuite> <!-- Test -->
