<?xml version="1.0" encoding="UTF-8"?>
<!-- Generated by org.testng.reporters.JUnitXMLReporter -->
<testsuite ignored="0" hostname="Banss" failures="0" tests="3" name="Default test" time="0.045" errors="0" timestamp="2023-12-13T09:49:20 CET">
  <testcase classname="com.testng.TestPriority" name="test2" time="0.003"/>
  <testcase classname="com.testng.TestPriority" name="test1" time="0.001"/>
  <testcase classname="com.testng.TestPriority" name="test3" time="0.001"/>
</testsuite> <!-- Default test -->
