<?xml version="1.0" encoding="UTF-8"?>
<!-- Generated by org.testng.reporters.JUnitXMLReporter -->
<testsuite ignored="0" hostname="Banss" failures="0" tests="6" name="Default test" time="14.837" errors="0" timestamp="2023-12-16T15:34:15 CET">
  <testcase classname="com.framework.HybridDrivenFW" name="test" time="2.97"/>
  <testcase classname="com.framework.HybridDrivenFW" name="test" time="4.681"/>
  <testcase classname="com.framework.HybridDrivenFW" name="test" time="2.182"/>
  <testcase classname="com.framework.HybridDrivenFW" name="test" time="2.179"/>
  <testcase classname="com.framework.HybridDrivenFW" name="test" time="2.159"/>
  <testcase classname="com.framework.HybridDrivenFW" name="test" time="0.181"/>
</testsuite> <!-- Default test -->
