<?xml version="1.0" encoding="UTF-8"?>
<testng-results ignored="0" total="6" passed="6" failed="0" skipped="0">
  <reporter-output>
  </reporter-output>
  <suite started-at="2023-12-16T15:34:00 CET" name="Default suite" finished-at="2023-12-16T15:34:15 CET" duration-ms="14837">
    <groups>
    </groups>
    <test started-at="2023-12-16T15:34:00 CET" name="Default test" finished-at="2023-12-16T15:34:15 CET" duration-ms="14837">
      <class name="com.framework.HybridDrivenFW">
        <test-method signature="test(java.lang.String,java.lang.String)[pri:0, instance:com.framework.HybridDrivenFW@3d74bf60]" started-at="2023-12-16T15:34:01 CET" name="test" data-provider="Bansri" finished-at="2023-12-16T15:34:04 CET" duration-ms="2970" status="PASS">
          <params>
            <param index="0">
              <value>
                <![CDATA[open browser]]>
              </value>
            </param>
            <param index="1">
              <value>
                <![CDATA[null]]>
              </value>
            </param>
          </params>
          <reporter-output>
          </reporter-output>
        </test-method> <!-- test -->
        <test-method signature="test(java.lang.String,java.lang.String)[pri:0, instance:com.framework.HybridDrivenFW@3d74bf60]" started-at="2023-12-16T15:34:04 CET" name="test" data-provider="Bansri" finished-at="2023-12-16T15:34:08 CET" duration-ms="4681" status="PASS">
          <params>
            <param index="0">
              <value>
                <![CDATA[enter url]]>
              </value>
            </param>
            <param index="1">
              <value>
                <![CDATA[https://www.saucedemo.com/]]>
              </value>
            </param>
          </params>
          <reporter-output>
          </reporter-output>
        </test-method> <!-- test -->
        <test-method signature="test(java.lang.String,java.lang.String)[pri:0, instance:com.framework.HybridDrivenFW@3d74bf60]" started-at="2023-12-16T15:34:08 CET" name="test" data-provider="Bansri" finished-at="2023-12-16T15:34:10 CET" duration-ms="2182" status="PASS">
          <params>
            <param index="0">
              <value>
                <![CDATA[enter username]]>
              </value>
            </param>
            <param index="1">
              <value>
                <![CDATA[standard_user]]>
              </value>
            </param>
          </params>
          <reporter-output>
          </reporter-output>
        </test-method> <!-- test -->
        <test-method signature="test(java.lang.String,java.lang.String)[pri:0, instance:com.framework.HybridDrivenFW@3d74bf60]" started-at="2023-12-16T15:34:10 CET" name="test" data-provider="Bansri" finished-at="2023-12-16T15:34:13 CET" duration-ms="2179" status="PASS">
          <params>
            <param index="0">
              <value>
                <![CDATA[enter password]]>
              </value>
            </param>
            <param index="1">
              <value>
                <![CDATA[secret_sauce]]>
              </value>
            </param>
          </params>
          <reporter-output>
          </reporter-output>
        </test-method> <!-- test -->
        <test-method signature="test(java.lang.String,java.lang.String)[pri:0, instance:com.framework.HybridDrivenFW@3d74bf60]" started-at="2023-12-16T15:34:13 CET" name="test" data-provider="Bansri" finished-at="2023-12-16T15:34:15 CET" duration-ms="2159" status="PASS">
          <params>
            <param index="0">
              <value>
                <![CDATA[click login]]>
              </value>
            </param>
            <param index="1">
              <value>
                <![CDATA[null]]>
              </value>
            </param>
          </params>
          <reporter-output>
          </reporter-output>
        </test-method> <!-- test -->
        <test-method signature="test(java.lang.String,java.lang.String)[pri:0, instance:com.framework.HybridDrivenFW@3d74bf60]" started-at="2023-12-16T15:34:15 CET" name="test" data-provider="Bansri" finished-at="2023-12-16T15:34:15 CET" duration-ms="181" status="PASS">
          <params>
            <param index="0">
              <value>
                <![CDATA[close browser]]>
              </value>
            </param>
            <param index="1">
              <value>
                <![CDATA[null]]>
              </value>
            </param>
          </params>
          <reporter-output>
          </reporter-output>
        </test-method> <!-- test -->
      </class> <!-- com.framework.HybridDrivenFW -->
    </test> <!-- Default test -->
  </suite> <!-- Default suite -->
</testng-results>
